21:35:44 62.5
21:35:47 73.9
21:35:50 73.6
21:35:53 74.5
21:35:56 74.2
21:35:59 74.0
21:36:02 74.3
START
21:36:05 74.0
21:36:08 73.9
21:36:11 73.9
21:36:14 74.2
21:36:17 73.4
21:36:20 74.5
PERIOD=7
21:36:23 73.7
21:36:30 73.4
21:36:37 73.4
21:36:44 73.4
21:36:51 73.9
21:36:58 74.0
21:37:05 74.2
DISP Y
21:37:12 73.7
21:37:19 73.6
21:37:26 74.0
21:37:33 73.3
21:37:40 73.4
21:37:47 73.6
21:37:54 73.7
SCALE=C
21:38:01 23.1
21:38:08 22.9
21:38:15 23.0
21:38:22 23.4
21:38:29 23.2
21:38:36 22.9
21:38:43 22.9
SCALE=F
21:38:50 73.7
21:38:57 72.9
21:39:04 73.6
21:39:11 72.9
21:39:18 73.1
21:39:25 73.0
21:39:32 73.6
PERIOD=3
21:39:39 72.9
21:39:42 72.6
21:39:45 72.6
STOP EI
21:39:48 72.7
STOP
PERIOD=008
SCALE=AI
DISP N
STOP
SCALE=C
START
21:40:34 22.8
21:40:42 22.5
21:40:50 22.9
21:40:58 22.8
21:41:06 22.8
21:41:14 22.8
21:41:22 22.6
21:41:30 22.5
START EI
21:41:38 22.7
21:41:46 22.9
21:41:54 22.5
21:42:02 22.9
21:42:11 22.4
21:42:19 22.8
21:42:27 22.3
21:42:35 22.5
PERIOD=06
21:42:43 22.6
21:42:49 22.5
21:42:55 22.9
21:43:01 22.5
21:43:07 22.3
21:43:13 22.9
DISP Y
21:43:19 22.9
21:43:25 22.4
21:43:31 22.5
21:43:37 22.2
21:43:43 22.5
21:43:49 22.5
DISP MI
21:43:55 22.5
21:44:01 22.8
21:44:07 22.8
21:44:13 22.5
21:44:19 22.9
21:44:25 22.4
SCALE=C
21:44:31 22.4
21:44:37 22.4
21:44:43 22.7
21:44:49 22.5
21:44:55 22.5
21:45:01 22.8
START
21:45:07 22.8
21:45:13 22.2
21:45:19 22.3
21:45:25 22.8
21:45:31 22.5
21:45:37 22.5
SCALE=F
21:45:43 72.3
21:45:49 72.6
21:45:55 73.0
21:46:01 72.7
21:46:07 72.9
21:46:13 72.6
PERIOD=0004
21:46:19 71.8
21:46:23 72.4
21:46:27 71.8
21:46:31 71.8
STOP
OFF
