07:26:56 73.0
07:26:59 71.6
07:27:02 73.4
07:27:05 72.6
07:27:08 72.6
07:27:11 72.7
07:27:14 72.7
START
07:27:17 71.7
07:27:20 73.1
07:27:23 72.9
07:27:26 72.3
07:27:29 73.0
07:27:32 73.1
PERIOD=7
07:27:35 72.1
07:27:42 72.1
07:27:49 72.0
07:27:56 71.7
07:28:03 71.7
07:28:10 72.6
07:28:17 72.9
DISP Y
07:28:24 72.0
07:28:31 73.1
07:28:38 72.9
07:28:45 72.9
07:28:52 71.8
07:28:59 71.6
07:29:06 73.3
SCALE=C
07:29:13 22.4
07:29:20 22.3
07:29:27 22.6
07:29:34 22.4
07:29:41 22.6
07:29:48 22.9
07:29:55 22.4
SCALE=F
07:30:02 71.7
07:30:09 72.9
07:30:16 73.4
07:30:23 72.6
07:30:30 72.9
07:30:37 72.4
07:30:44 72.1
PERIOD=3
07:30:51 72.0
07:30:54 72.9
07:30:57 73.3
STOP EI
07:31:00 72.6
STOP
PERIOD=008
SCALE=AI
DISP N
STOP
SCALE=C
START
07:31:46 22.8
07:31:54 22.8
07:32:02 23.0
07:32:10 22.4
07:32:18 22.3
07:32:26 22.9
07:32:34 22.4
07:32:42 22.6
START EI
07:32:50 22.3
07:32:58 22.4
07:33:06 22.8
07:33:14 22.2
07:33:22 22.2
07:33:30 23.0
07:33:38 22.7
07:33:46 22.3
PERIOD=06
07:33:54 22.2
07:34:00 22.9
07:34:06 22.3
07:34:12 22.5
07:34:18 22.9
07:34:24 22.9
DISP Y
07:34:30 23.1
07:34:36 22.5
07:34:42 22.4
07:34:48 22.6
07:34:54 22.9
07:35:00 22.9
DISP MI
07:35:06 22.5
07:35:12 22.4
07:35:18 22.5
07:35:24 22.5
07:35:30 22.5
07:35:36 22.8
SCALE=C
07:35:42 22.4
07:35:48 22.7
07:35:55 22.1
07:36:01 22.5
07:36:07 22.5
07:36:13 22.1
START
07:36:19 22.5
07:36:25 22.5
07:36:31 22.4
07:36:37 22.1
07:36:43 22.5
07:36:49 22.3
SCALE=F
07:36:55 72.1
07:37:01 71.6
07:37:07 73.6
07:37:13 73.0
07:37:19 71.8
07:37:25 72.4
PERIOD=0004
07:37:31 71.8
07:37:35 72.9
07:37:39 71.8
07:37:43 72.3
STOP
OFF
